<?xml version="1.0" encoding="UTF-8"?>
<testsuite xmlns:xsi="http://www.w3.org/2001/XMLSchema-instance" xsi:noNamespaceSchemaLocation="https://maven.apache.org/surefire/maven-surefire-plugin/xsd/surefire-test-report.xsd" name="TestSuite" time="92.924" tests="3" errors="0" skipped="0" failures="0">
  <properties>
[...]
</properties>
  <testcase name="accountCreation" classname="test.Android.AccountCreation.accountcreationhappypath" time="29.337"/>
  <testcase name="accountCreation_fieldsBlank" classname="test.Android.AccountCreation.accountcreationfieldsblank" time="24.129"/>
  <testcase name="LoginScreenTest" classname="test.Android.LoginScreen.loginscreenhappypath" time="23.327"/>
</testsuite>