<?xml version="1.0" encoding="UTF-8"?>
<testng-results ignored="0" total="3" passed="3" failed="0" skipped="0">
  <reporter-output>
  </reporter-output>
  <suite started-at="2025-05-13T22:50:16 WEST" name="Android Tests" finished-at="2025-05-13T22:51:37 WEST" duration-ms="81859">
    <groups>
    </groups>
    <test started-at="2025-05-13T22:50:16 WEST" name="AccountCreation" finished-at="2025-05-13T22:50:40 WEST" duration-ms="23983">
      <class name="test.Android.AccountCreation.accountcreationhappypath">
        <test-method is-config="true" signature="setUp(java.lang.String,org.testng.ITestContext)[pri:0, instance:test.Android.AccountCreation.accountcreationhappypath@548d708a]" started-at="2025-05-13T22:50:16 WEST" name="setUp" finished-at="2025-05-13T22:50:23 WEST" duration-ms="7497" status="PASS">
          <params>
            <param index="0">
              <value>
                <![CDATA[main]]>
              </value>
            </param>
            <param index="1">
              <value>
                <![CDATA[org.testng.TestRunner@3dfa819]]>
              </value>
            </param>
          </params>
          <reporter-output>
          </reporter-output>
        </test-method> <!-- setUp -->
        <test-method signature="accountCreation()[pri:0, instance:test.Android.AccountCreation.accountcreationhappypath@548d708a]" started-at="2025-05-13T22:50:23 WEST" name="accountCreation" finished-at="2025-05-13T22:50:38 WEST" duration-ms="15168" status="PASS">
          <reporter-output>
          </reporter-output>
        </test-method> <!-- accountCreation -->
        <test-method is-config="true" signature="tearDown()[pri:0, instance:test.Android.AccountCreation.accountcreationhappypath@548d708a]" started-at="2025-05-13T22:50:39 WEST" name="tearDown" finished-at="2025-05-13T22:50:40 WEST" duration-ms="1004" status="PASS">
          <reporter-output>
          </reporter-output>
        </test-method> <!-- tearDown -->
      </class> <!-- test.Android.AccountCreation.accountcreationhappypath -->
    </test> <!-- AccountCreation -->
    <test started-at="2025-05-13T22:50:40 WEST" name="AccountCreationFieldsBlank" finished-at="2025-05-13T22:51:06 WEST" duration-ms="26201">
      <class name="test.Android.AccountCreation.accountcreationfieldsblank">
        <test-method is-config="true" signature="setUp(java.lang.String,org.testng.ITestContext)[pri:0, instance:test.Android.AccountCreation.accountcreationfieldsblank@7c37508a]" started-at="2025-05-13T22:50:40 WEST" name="setUp" finished-at="2025-05-13T22:50:46 WEST" duration-ms="6820" status="PASS">
          <params>
            <param index="0">
              <value>
                <![CDATA[main]]>
              </value>
            </param>
            <param index="1">
              <value>
                <![CDATA[org.testng.TestRunner@4ce94d2f]]>
              </value>
            </param>
          </params>
          <reporter-output>
          </reporter-output>
        </test-method> <!-- setUp -->
        <test-method signature="accountCreation_fieldsBlank()[pri:0, instance:test.Android.AccountCreation.accountcreationfieldsblank@7c37508a]" started-at="2025-05-13T22:50:46 WEST" name="accountCreation_fieldsBlank" finished-at="2025-05-13T22:51:05 WEST" duration-ms="18320" status="PASS">
          <reporter-output>
          </reporter-output>
        </test-method> <!-- accountCreation_fieldsBlank -->
        <test-method is-config="true" signature="tearDown()[pri:0, instance:test.Android.AccountCreation.accountcreationfieldsblank@7c37508a]" started-at="2025-05-13T22:51:05 WEST" name="tearDown" finished-at="2025-05-13T22:51:06 WEST" duration-ms="1051" status="PASS">
          <reporter-output>
          </reporter-output>
        </test-method> <!-- tearDown -->
      </class> <!-- test.Android.AccountCreation.accountcreationfieldsblank -->
    </test> <!-- AccountCreationFieldsBlank -->
    <test started-at="2025-05-13T22:51:06 WEST" name="LoginScreen" finished-at="2025-05-13T22:51:37 WEST" duration-ms="31536">
      <class name="test.Android.LoginScreen.loginscreenhappypath">
        <test-method is-config="true" signature="setUp(java.lang.String,org.testng.ITestContext)[pri:0, instance:test.Android.LoginScreen.loginscreenhappypath@76494737]" started-at="2025-05-13T22:51:06 WEST" name="setUp" finished-at="2025-05-13T22:51:11 WEST" duration-ms="5574" status="PASS">
          <params>
            <param index="0">
              <value>
                <![CDATA[main]]>
              </value>
            </param>
            <param index="1">
              <value>
                <![CDATA[org.testng.TestRunner@68ab0936]]>
              </value>
            </param>
          </params>
          <reporter-output>
          </reporter-output>
        </test-method> <!-- setUp -->
        <test-method signature="LoginScreenTest()[pri:1, instance:test.Android.LoginScreen.loginscreenhappypath@76494737]" started-at="2025-05-13T22:51:11 WEST" name="LoginScreenTest" finished-at="2025-05-13T22:51:36 WEST" duration-ms="24751" status="PASS">
          <reporter-output>
          </reporter-output>
        </test-method> <!-- LoginScreenTest -->
        <test-method is-config="true" signature="tearDown()[pri:0, instance:test.Android.LoginScreen.loginscreenhappypath@76494737]" started-at="2025-05-13T22:51:36 WEST" name="tearDown" finished-at="2025-05-13T22:51:37 WEST" duration-ms="1203" status="PASS">
          <reporter-output>
          </reporter-output>
        </test-method> <!-- tearDown -->
      </class> <!-- test.Android.LoginScreen.loginscreenhappypath -->
    </test> <!-- LoginScreen -->
  </suite> <!-- Android Tests -->
</testng-results>
