<?xml version="1.0" encoding="UTF-8"?>
<testsuite xmlns:xsi="http://www.w3.org/2001/XMLSchema-instance" xsi:noNamespaceSchemaLocation="https://maven.apache.org/surefire/maven-surefire-plugin/xsd/surefire-test-report.xsd" version="3.0.2" name="TestSuite" time="82.89" tests="3" errors="0" skipped="0" failures="0">
  <properties>
[...]
</properties>
  <testcase name="accountCreation" classname="test.Android.AccountCreation.accountcreationhappypath" time="15.082">
    <system-out><![CDATA[Environment: main
Test running in environment: main
Running test: test.Android.AccountCreation.accountcreationhappypath
Setting environment to: main
Attempting to launch app with options: Capabilities {appium:appActivity: com.hostelworld.qacodechall..., appium:appPackage: com.hostelworld.qacodechall..., appium:automationName: UIAutomator2, appium:deviceName: emulator-5554, appium:noReset: false, platformName: ANDROID}
&amp#27;[32mStarting Happy Path for Account Creation&amp#27;[0m
The Main screen it's as expected.
The Account Creation screen it's as expected.
The Account Creation is working as expected.
&amp#27;[31mFinishing Happy Path for Account Creation&amp#27;[0m
]]></system-out>
    <system-err><![CDATA[SLF4J(W): No SLF4J providers were found.
SLF4J(W): Defaulting to no-operation (NOP) logger implementation
SLF4J(W): See https://www.slf4j.org/codes.html#noProviders for further details.
]]></system-err>
  </testcase>
  <testcase name="accountCreation_fieldsBlank" classname="test.Android.AccountCreation.accountcreationfieldsblank" time="18.318">
    <system-out><![CDATA[Environment: main
Test running in environment: main
Running test: test.Android.AccountCreation.accountcreationfieldsblank
Setting environment to: main
Attempting to launch app with options: Capabilities {appium:appActivity: com.hostelworld.qacodechall..., appium:appPackage: com.hostelworld.qacodechall..., appium:automationName: UIAutomator2, appium:deviceName: emulator-5554, appium:noReset: false, platformName: ANDROID}
&amp#27;[32mStarting Account Creation - Fields Blank&amp#27;[0m
All the fields are working as expected.
&amp#27;[31mFinishing Account Creation - Fields Blank&amp#27;[0m
]]></system-out>
  </testcase>
  <testcase name="LoginScreenTest" classname="test.Android.LoginScreen.loginscreenhappypath" time="24.75">
    <system-out><![CDATA[Environment: main
Test running in environment: main
Running test: test.Android.LoginScreen.loginscreenhappypath
Setting environment to: main
Attempting to launch app with options: Capabilities {appium:appActivity: com.hostelworld.qacodechall..., appium:appPackage: com.hostelworld.qacodechall..., appium:automationName: UIAutomator2, appium:deviceName: emulator-5554, appium:noReset: false, platformName: ANDROID}
&amp#27;[32mStarting LoginScreen Test&amp#27;[0m
Home page it's as expected.
Login page it's as expected.
Logout page it's as expected.
&amp#27;[32mFinishing LoginScreen Test&amp#27;[0m
]]></system-out>
  </testcase>
</testsuite>