<?xml version="1.0" encoding="UTF-8"?>
<testng-results ignored="0" total="3" passed="3" failed="0" skipped="0">
  <reporter-output>
  </reporter-output>
  <suite started-at="2025-05-13T14:48:49 WEST" name="Android Tests" finished-at="2025-05-13T14:50:22 WEST" duration-ms="92305">
    <groups>
    </groups>
    <test started-at="2025-05-13T14:48:49 WEST" name="AccountCreation" finished-at="2025-05-13T14:49:24 WEST" duration-ms="34198">
      <class name="test.Android.AccountCreation.accountcreationhappypath">
        <test-method is-config="true" signature="setUp(java.lang.String,org.testng.ITestContext)[pri:0, instance:test.Android.AccountCreation.accountcreationhappypath@402e37bc]" started-at="2025-05-13T14:48:49 WEST" name="setUp" finished-at="2025-05-13T14:48:54 WEST" duration-ms="4086" status="PASS">
          <params>
            <param index="0">
              <value>
                <![CDATA[main]]>
              </value>
            </param>
            <param index="1">
              <value>
                <![CDATA[org.testng.TestRunner@46d567cb]]>
              </value>
            </param>
          </params>
          <reporter-output>
          </reporter-output>
        </test-method> <!-- setUp -->
        <test-method signature="accountCreation()[pri:0, instance:test.Android.AccountCreation.accountcreationhappypath@402e37bc]" started-at="2025-05-13T14:48:54 WEST" name="accountCreation" finished-at="2025-05-13T14:49:23 WEST" duration-ms="29332" status="PASS">
          <reporter-output>
          </reporter-output>
        </test-method> <!-- accountCreation -->
        <test-method is-config="true" signature="tearDown()[pri:0, instance:test.Android.AccountCreation.accountcreationhappypath@402e37bc]" started-at="2025-05-13T14:49:23 WEST" name="tearDown" finished-at="2025-05-13T14:49:24 WEST" duration-ms="744" status="PASS">
          <reporter-output>
          </reporter-output>
        </test-method> <!-- tearDown -->
      </class> <!-- test.Android.AccountCreation.accountcreationhappypath -->
    </test> <!-- AccountCreation -->
    <test started-at="2025-05-13T14:49:24 WEST" name="AccountCreationFieldsBlank" finished-at="2025-05-13T14:49:53 WEST" duration-ms="28786">
      <class name="test.Android.AccountCreation.accountcreationfieldsblank">
        <test-method is-config="true" signature="setUp(java.lang.String,org.testng.ITestContext)[pri:0, instance:test.Android.AccountCreation.accountcreationfieldsblank@4e91d63f]" started-at="2025-05-13T14:49:24 WEST" name="setUp" finished-at="2025-05-13T14:49:28 WEST" duration-ms="3805" status="PASS">
          <params>
            <param index="0">
              <value>
                <![CDATA[main]]>
              </value>
            </param>
            <param index="1">
              <value>
                <![CDATA[org.testng.TestRunner@363a3d15]]>
              </value>
            </param>
          </params>
          <reporter-output>
          </reporter-output>
        </test-method> <!-- setUp -->
        <test-method signature="accountCreation_fieldsBlank()[pri:0, instance:test.Android.AccountCreation.accountcreationfieldsblank@4e91d63f]" started-at="2025-05-13T14:49:28 WEST" name="accountCreation_fieldsBlank" finished-at="2025-05-13T14:49:52 WEST" duration-ms="24129" status="PASS">
          <reporter-output>
          </reporter-output>
        </test-method> <!-- accountCreation_fieldsBlank -->
        <test-method is-config="true" signature="tearDown()[pri:0, instance:test.Android.AccountCreation.accountcreationfieldsblank@4e91d63f]" started-at="2025-05-13T14:49:52 WEST" name="tearDown" finished-at="2025-05-13T14:49:53 WEST" duration-ms="849" status="PASS">
          <reporter-output>
          </reporter-output>
        </test-method> <!-- tearDown -->
      </class> <!-- test.Android.AccountCreation.accountcreationfieldsblank -->
    </test> <!-- AccountCreationFieldsBlank -->
    <test started-at="2025-05-13T14:49:53 WEST" name="LoginScreen" finished-at="2025-05-13T14:50:22 WEST" duration-ms="29187">
      <class name="test.Android.LoginScreen.loginscreenhappypath">
        <test-method is-config="true" signature="setUp(java.lang.String,org.testng.ITestContext)[pri:0, instance:test.Android.LoginScreen.loginscreenhappypath@56de5251]" started-at="2025-05-13T14:49:53 WEST" name="setUp" finished-at="2025-05-13T14:49:58 WEST" duration-ms="5028" status="PASS">
          <params>
            <param index="0">
              <value>
                <![CDATA[main]]>
              </value>
            </param>
            <param index="1">
              <value>
                <![CDATA[org.testng.TestRunner@173f73e7]]>
              </value>
            </param>
          </params>
          <reporter-output>
          </reporter-output>
        </test-method> <!-- setUp -->
        <test-method signature="LoginScreenTest()[pri:1, instance:test.Android.LoginScreen.loginscreenhappypath@56de5251]" started-at="2025-05-13T14:49:58 WEST" name="LoginScreenTest" finished-at="2025-05-13T14:50:21 WEST" duration-ms="23326" status="PASS">
          <reporter-output>
          </reporter-output>
        </test-method> <!-- LoginScreenTest -->
        <test-method is-config="true" signature="tearDown()[pri:0, instance:test.Android.LoginScreen.loginscreenhappypath@56de5251]" started-at="2025-05-13T14:50:21 WEST" name="tearDown" finished-at="2025-05-13T14:50:22 WEST" duration-ms="829" status="PASS">
          <reporter-output>
          </reporter-output>
        </test-method> <!-- tearDown -->
      </class> <!-- test.Android.LoginScreen.loginscreenhappypath -->
    </test> <!-- LoginScreen -->
  </suite> <!-- Android Tests -->
</testng-results>
